<?xml version="1.0" encoding="UTF-8"?>
<testsuite name="RealBillingServiceTest" tests="1" skipped="0" failures="0" errors="0" timestamp="2019-05-31T08:31:05" hostname="tcgpc1-HP-250-G5-Notebook-PC" time="0.01">
  <properties/>
  <testcase name="testSuccessfulCharge" classname="RealBillingServiceTest" time="0.01"/>
  <system-out><![CDATA[what is result: ChargeResult@10259475
]]></system-out>
  <system-err><![CDATA[]]></system-err>
</testsuite>
